[14/Dec/2024 14:50:10] INFO [django.utils.autoreload:668] Watching for file changes with StatReloader
[14/Dec/2024 14:51:34] INFO [django.utils.autoreload:266] /mnt/c/Users/kiana/Desktop/The-env/RBAC-like-automation-ticket-portal/tickets/settings.py changed, reloading.
[14/Dec/2024 14:51:35] INFO [django.utils.autoreload:668] Watching for file changes with StatReloader
[14/Dec/2024 14:51:37] INFO [django.utils.autoreload:266] /mnt/c/Users/kiana/Desktop/The-env/RBAC-like-automation-ticket-portal/tickets/settings.py changed, reloading.
[14/Dec/2024 14:51:37] INFO [django.utils.autoreload:668] Watching for file changes with StatReloader
[14/Dec/2024 14:51:38] INFO [django.utils.autoreload:266] /mnt/c/Users/kiana/Desktop/The-env/RBAC-like-automation-ticket-portal/tickets/settings.py changed, reloading.
[14/Dec/2024 14:51:38] INFO [django.utils.autoreload:668] Watching for file changes with StatReloader
[14/Dec/2024 14:53:26] INFO [django.utils.autoreload:266] /mnt/c/Users/kiana/Desktop/The-env/RBAC-like-automation-ticket-portal/tickets/urls.py changed, reloading.
[14/Dec/2024 14:53:26] INFO [django.utils.autoreload:668] Watching for file changes with StatReloader
[14/Dec/2024 14:53:28] INFO [django.utils.autoreload:266] /mnt/c/Users/kiana/Desktop/The-env/RBAC-like-automation-ticket-portal/tickets/urls.py changed, reloading.
[14/Dec/2024 14:53:29] INFO [django.utils.autoreload:668] Watching for file changes with StatReloader
[14/Dec/2024 14:53:31] INFO [django.utils.autoreload:266] /mnt/c/Users/kiana/Desktop/The-env/RBAC-like-automation-ticket-portal/tickets/urls.py changed, reloading.
[14/Dec/2024 14:53:31] INFO [django.utils.autoreload:668] Watching for file changes with StatReloader
[14/Dec/2024 14:55:41] INFO [django.utils.autoreload:266] /mnt/c/Users/kiana/Desktop/The-env/RBAC-like-automation-ticket-portal/tickets/settings.py changed, reloading.
[14/Dec/2024 14:55:42] INFO [django.utils.autoreload:668] Watching for file changes with StatReloader
[14/Dec/2024 14:57:23] INFO [django.utils.autoreload:668] Watching for file changes with StatReloader
[14/Dec/2024 14:57:31] INFO [django.utils.autoreload:668] Watching for file changes with StatReloader
[14/Dec/2024 14:57:36] INFO [django.server:213] "GET /admin/ HTTP/1.1" 302 0
[14/Dec/2024 14:57:36] INFO [django.server:213] "GET /admin/login/?next=/admin/ HTTP/1.1" 200 4163
[14/Dec/2024 14:57:36] INFO [django.server:213] "GET /static/admin/css/dark_mode.css HTTP/1.1" 200 2804
[14/Dec/2024 14:57:36] INFO [django.server:213] "GET /static/admin/css/login.css HTTP/1.1" 200 951
[14/Dec/2024 14:57:36] INFO [django.server:213] "GET /static/admin/css/nav_sidebar.css HTTP/1.1" 200 2810
[14/Dec/2024 14:57:36] INFO [django.server:213] "GET /static/admin/js/theme.js HTTP/1.1" 200 1653
[14/Dec/2024 14:57:36] INFO [django.server:213] "GET /static/admin/css/base.css HTTP/1.1" 200 22092
[14/Dec/2024 14:57:36] INFO [django.server:213] "GET /static/admin/css/responsive.css HTTP/1.1" 200 17972
[14/Dec/2024 14:57:36] INFO [django.server:213] "GET /static/admin/js/nav_sidebar.js HTTP/1.1" 200 3063
[14/Dec/2024 14:57:41] INFO [django.server:213] "POST /admin/login/?next=/admin/ HTTP/1.1" 200 4330
[14/Dec/2024 14:57:43] INFO [django.server:213] "POST /admin/login/?next=/admin/ HTTP/1.1" 200 4330
[14/Dec/2024 14:58:12] INFO [django.utils.autoreload:668] Watching for file changes with StatReloader
[14/Dec/2024 14:58:14] INFO [django.server:213] "POST /admin/login/?next=/admin/ HTTP/1.1" 302 0
[14/Dec/2024 14:58:14] INFO [django.server:213] "GET /admin/ HTTP/1.1" 200 7861
[14/Dec/2024 14:58:14] INFO [django.server:213] "GET /static/admin/css/dashboard.css HTTP/1.1" 200 441
[14/Dec/2024 14:58:15] INFO [django.server:213] "GET /static/admin/img/icon-addlink.svg HTTP/1.1" 200 331
[14/Dec/2024 14:58:15] INFO [django.server:213] "GET /static/admin/img/icon-changelink.svg HTTP/1.1" 200 380
[14/Dec/2024 14:58:33] INFO [django.server:213] "GET /admin/ HTTP/1.1" 200 7861
[14/Dec/2024 14:58:34] INFO [django.server:213] "GET /admin HTTP/1.1" 301 0
[14/Dec/2024 14:58:34] INFO [django.server:213] "GET /admin/ HTTP/1.1" 200 7861
[14/Dec/2024 14:58:37] WARNING [django.server:213] "GET /login HTTP/1.1" 404 4636
[14/Dec/2024 14:58:44] ERROR [django.server:213] "GET / HTTP/1.1" 500 159598
[14/Dec/2024 14:58:46] INFO [django.server:213] "GET /admin/ HTTP/1.1" 200 7861
[14/Dec/2024 14:58:50] ERROR [django.server:213] "GET / HTTP/1.1" 500 159598
[14/Dec/2024 15:03:00] ERROR [django.server:213] "GET / HTTP/1.1" 500 119850
[14/Dec/2024 15:05:58] ERROR [django.server:213] "GET / HTTP/1.1" 500 119950
